<?xml version="1.0" encoding="UTF-8"?>
<!-- Generated by org.testng.reporters.JUnitReportReporter -->
<testsuite hostname="AKASHSARKARPC" failures="0" tests="1" name="Practise.SumComplexOutputJSON" time="1.179" errors="0" timestamp="2022-08-10T17:09:33 IST" skipped="0">
  <testcase classname="Practise.SumComplexOutputJSON" name="validate" time="1.179"/>
  <system-out/>
</testsuite> <!-- Practise.SumComplexOutputJSON -->
