<?xml version="1.0" encoding="UTF-8"?>
<!-- Generated by org.testng.reporters.JUnitReportReporter -->
<testsuite hostname="AKASHSARKARPC" failures="0" tests="1" name="Practise.Dynamicjson" time="1.263" errors="0" timestamp="2022-08-10T18:09:32 IST" skipped="0">
  <testcase classname="Practise.Dynamicjson" name="addbook" time="1.263"/>
  <system-out/>
</testsuite> <!-- Practise.Dynamicjson -->
