<?xml version="1.0" encoding="UTF-8"?>
<!-- Generated by org.testng.reporters.JUnitReportReporter -->
<testsuite hostname="AKASHSARKARPC" failures="0" tests="2" name="Library.DynamicJSON$NewTest" time="2.601" errors="0" timestamp="2022-08-04T00:26:38 IST" skipped="0">
  <testcase classname="Library.DynamicJSON$NewTest" name="addBook" time="2.109"/>
  <system-out/>
  <testcase classname="Library.DynamicJSON$NewTest" name="addBook" time="0.492"/>
  <system-out/>
</testsuite> <!-- Library.DynamicJSON$NewTest -->
