<?xml version="1.0" encoding="UTF-8"?>
<!-- Generated by org.testng.reporters.JUnitReportReporter -->
<testsuite hostname="AKASHSARKARPC" failures="0" tests="1" name="Oauth.Oauth" time="1.973" errors="0" timestamp="2022-08-10T21:22:14 IST" skipped="0">
  <testcase classname="Oauth.Oauth" name="test1" time="1.973"/>
  <system-out/>
</testsuite> <!-- Oauth.Oauth -->
