<?xml version="1.0" encoding="UTF-8"?>
<!-- Generated by org.testng.reporters.JUnitReportReporter -->
<testsuite hostname="AKASHSARKARPC" failures="0" tests="1" name="Library.DynamicJSON$NewTest" time="1.673" errors="0" timestamp="2022-08-03T22:52:02 IST" skipped="0">
  <testcase classname="Library.DynamicJSON$NewTest" name="addBook" time="1.673"/>
  <system-out/>
</testsuite> <!-- Library.DynamicJSON$NewTest -->
